2022-12-03 11:34:12.699 [info] Extension host with pid 4487 started
2022-12-03 11:34:12.775 [info] Lock '/home/lab4bardadymso/.vscode-server/data/User/workspaceStorage/9af2a68aa837d0d4d4fd48190b2ff68d/vscode.lock': Lock acquired.
2022-12-03 11:34:13.158 [info] ExtensionService#_doActivateExtension vscode.git-base, startup: true, activationEvent: '*', root cause: vscode.git
2022-12-03 11:34:13.668 [info] ExtensionService#_doActivateExtension vscode.git, startup: true, activationEvent: '*'
2022-12-03 11:34:13.677 [info] ExtensionService#_doActivateExtension vscode.github, startup: true, activationEvent: '*'
2022-12-03 11:34:15.796 [info] ExtensionService#_doActivateExtension vscode.debug-auto-launch, startup: false, activationEvent: 'onStartupFinished'
2022-12-03 11:34:15.799 [info] ExtensionService#_doActivateExtension vscode.emmet, startup: false, activationEvent: 'onStartupFinished'
2022-12-03 11:34:15.801 [info] ExtensionService#_doActivateExtension vscode.merge-conflict, startup: false, activationEvent: 'onStartupFinished'
2022-12-03 11:34:15.802 [info] Eager extensions activated
2022-12-03 11:34:16.570 [warning] [Decorations] CAPPING events from decorations provider vscode.git 2972
2022-12-03 11:34:18.452 [warning] [Decorations] CAPPING events from decorations provider vscode.git 2972
2022-12-03 11:34:21.683 [warning] [Decorations] CAPPING events from decorations provider vscode.git 2973
2022-12-03 11:34:26.913 [warning] [Decorations] CAPPING events from decorations provider vscode.git 2973
2022-12-03 11:34:32.183 [warning] [Decorations] CAPPING events from decorations provider vscode.git 2973
2022-12-03 11:34:37.391 [warning] [Decorations] CAPPING events from decorations provider vscode.git 2973
2022-12-03 11:34:42.538 [warning] [Decorations] CAPPING events from decorations provider vscode.git 2973
2022-12-03 11:34:47.709 [warning] [Decorations] CAPPING events from decorations provider vscode.git 2973
2022-12-03 11:34:52.910 [warning] [Decorations] CAPPING events from decorations provider vscode.git 2973
2022-12-03 11:34:58.084 [warning] [Decorations] CAPPING events from decorations provider vscode.git 2973
2022-12-03 11:35:03.228 [warning] [Decorations] CAPPING events from decorations provider vscode.git 2973
2022-12-03 11:35:08.371 [warning] [Decorations] CAPPING events from decorations provider vscode.git 2973
2022-12-03 11:35:13.568 [warning] [Decorations] CAPPING events from decorations provider vscode.git 2973
2022-12-03 11:35:18.724 [warning] [Decorations] CAPPING events from decorations provider vscode.git 2973
2022-12-03 11:35:24.058 [warning] [Decorations] CAPPING events from decorations provider vscode.git 2973
2022-12-03 11:35:29.214 [warning] [Decorations] CAPPING events from decorations provider vscode.git 2973
2022-12-03 11:35:34.356 [warning] [Decorations] CAPPING events from decorations provider vscode.git 2973
2022-12-03 11:35:39.482 [warning] [Decorations] CAPPING events from decorations provider vscode.git 2973
2022-12-03 11:35:44.611 [warning] [Decorations] CAPPING events from decorations provider vscode.git 2973
2022-12-03 11:35:49.730 [warning] [Decorations] CAPPING events from decorations provider vscode.git 2973
2022-12-03 11:35:54.846 [warning] [Decorations] CAPPING events from decorations provider vscode.git 2973
2022-12-03 11:36:00.016 [warning] [Decorations] CAPPING events from decorations provider vscode.git 2973
2022-12-03 11:36:05.159 [warning] [Decorations] CAPPING events from decorations provider vscode.git 2973
2022-12-03 11:36:10.308 [warning] [Decorations] CAPPING events from decorations provider vscode.git 2973
2022-12-03 11:36:39.340 [warning] [Decorations] CAPPING events from decorations provider vscode.git 2973
2022-12-03 11:36:44.462 [warning] [Decorations] CAPPING events from decorations provider vscode.git 2973
2022-12-03 11:36:49.716 [warning] [Decorations] CAPPING events from decorations provider vscode.git 2973
2022-12-03 12:04:59.292 [info] ExtensionService#_doActivateExtension vscode.configuration-editing, startup: false, activationEvent: 'onLanguage:json'
2022-12-03 12:04:59.310 [info] ExtensionService#_doActivateExtension vscode.extension-editing, startup: false, activationEvent: 'onLanguage:json'
2022-12-03 12:04:59.312 [info] ExtensionService#_doActivateExtension vscode.json-language-features, startup: false, activationEvent: 'onLanguage:json'
2022-12-03 12:04:59.314 [info] ExtensionService#_doActivateExtension vscode.npm, startup: false, activationEvent: 'onLanguage:json'
2022-12-03 12:44:00.230 [info] ExtensionService#_doActivateExtension ms-azuretools.vscode-docker, startup: false, activationEvent: 'onLanguage:dockercompose'
2022-12-03 13:01:25.145 [error] Error: getaddrinfo ENOTFOUND mobile.events.data.microsoft.com
	at GetAddrInfoReqWrap.onlookup [as oncomplete] (node:dns:71:26)
2022-12-03 13:03:23.386 [error] Error: getaddrinfo ENOTFOUND mobile.events.data.microsoft.com
	at GetAddrInfoReqWrap.onlookup [as oncomplete] (node:dns:71:26)
2022-12-03 16:57:16.632 [error] Error: getaddrinfo ENOTFOUND mobile.events.data.microsoft.com
	at GetAddrInfoReqWrap.onlookup [as oncomplete] (node:dns:71:26)
2022-12-03 17:01:26.440 [error] Error: read ECONNRESET
	at TLSWrap.onStreamRead (node:internal/stream_base_commons:217:20)
