2022-12-02 20:23:06.486 [info] Extension host with pid 1232 started
2022-12-02 20:23:06.492 [error] Error: EEXIST: file already exists, open '/home/lab4bardadymso/.vscode-server/data/User/workspaceStorage/873f585f72b5cb21b5e31d7ad54cf1f4/vscode.lock'
2022-12-02 20:23:06.513 [info] Lock '/home/lab4bardadymso/.vscode-server/data/User/workspaceStorage/873f585f72b5cb21b5e31d7ad54cf1f4/vscode.lock': Could not acquire lock, checking if the file is stale.
2022-12-02 20:23:06.548 [info] Lock '/home/lab4bardadymso/.vscode-server/data/User/workspaceStorage/873f585f72b5cb21b5e31d7ad54cf1f4/vscode.lock': The pid 1097 appears to be gone.
2022-12-02 20:23:06.548 [info] Lock '/home/lab4bardadymso/.vscode-server/data/User/workspaceStorage/873f585f72b5cb21b5e31d7ad54cf1f4/vscode.lock': Deleting a stale lock.
2022-12-02 20:23:06.609 [info] ExtensionService#_doActivateExtension vscode.git-base, startup: true, activationEvent: '*', root cause: vscode.git
2022-12-02 20:23:06.631 [info] Lock '/home/lab4bardadymso/.vscode-server/data/User/workspaceStorage/873f585f72b5cb21b5e31d7ad54cf1f4/vscode.lock': Lock acquired.
2022-12-02 20:23:07.217 [info] ExtensionService#_doActivateExtension vscode.git, startup: true, activationEvent: '*'
2022-12-02 20:23:07.218 [info] ExtensionService#_doActivateExtension vscode.github, startup: true, activationEvent: '*'
2022-12-02 20:23:08.078 [info] ExtensionService#_doActivateExtension vscode.debug-auto-launch, startup: false, activationEvent: 'onStartupFinished'
2022-12-02 20:23:08.082 [info] ExtensionService#_doActivateExtension vscode.emmet, startup: false, activationEvent: 'onStartupFinished'
2022-12-02 20:23:08.086 [info] ExtensionService#_doActivateExtension vscode.merge-conflict, startup: false, activationEvent: 'onStartupFinished'
2022-12-02 20:23:08.110 [info] Eager extensions activated
2022-12-02 21:11:32.838 [info] ExtensionService#_doActivateExtension vscode.html-language-features, startup: false, activationEvent: 'onLanguage:html'
2022-12-02 21:29:55.602 [error] [vscode.emmet] provider FAILED
2022-12-02 21:29:55.679 [error] TypeError: Cannot read properties of undefined (reading 'start')
	at t.DefaultCompletionItemProvider.provideCompletionItemsInternal (/home/lab4bardadymso/.vscode-server/bin/6261075646f055b99068d3688932416f2346dd3b/extensions/emmet/dist/node/emmetNodeMain.js:1:187346)
	at t.DefaultCompletionItemProvider.provideCompletionItems (/home/lab4bardadymso/.vscode-server/bin/6261075646f055b99068d3688932416f2346dd3b/extensions/emmet/dist/node/emmetNodeMain.js:1:185653)
	at K.provideCompletionItems (/home/lab4bardadymso/.vscode-server/bin/6261075646f055b99068d3688932416f2346dd3b/out/vs/workbench/api/node/extensionHostProcess.js:94:51930)
	at /home/lab4bardadymso/.vscode-server/bin/6261075646f055b99068d3688932416f2346dd3b/out/vs/workbench/api/node/extensionHostProcess.js:94:77224
	at ne._withAdapter (/home/lab4bardadymso/.vscode-server/bin/6261075646f055b99068d3688932416f2346dd3b/out/vs/workbench/api/node/extensionHostProcess.js:94:67325)
	at ne.$provideCompletionItems (/home/lab4bardadymso/.vscode-server/bin/6261075646f055b99068d3688932416f2346dd3b/out/vs/workbench/api/node/extensionHostProcess.js:94:77200)
	at l._doInvokeHandler (/home/lab4bardadymso/.vscode-server/bin/6261075646f055b99068d3688932416f2346dd3b/out/vs/workbench/api/node/extensionHostProcess.js:102:13680)
	at l._invokeHandler (/home/lab4bardadymso/.vscode-server/bin/6261075646f055b99068d3688932416f2346dd3b/out/vs/workbench/api/node/extensionHostProcess.js:102:13362)
	at l._receiveRequest (/home/lab4bardadymso/.vscode-server/bin/6261075646f055b99068d3688932416f2346dd3b/out/vs/workbench/api/node/extensionHostProcess.js:102:12081)
	at l._receiveOneMessage (/home/lab4bardadymso/.vscode-server/bin/6261075646f055b99068d3688932416f2346dd3b/out/vs/workbench/api/node/extensionHostProcess.js:102:10834)
	at /home/lab4bardadymso/.vscode-server/bin/6261075646f055b99068d3688932416f2346dd3b/out/vs/workbench/api/node/extensionHostProcess.js:102:8941
	at h.invoke (/home/lab4bardadymso/.vscode-server/bin/6261075646f055b99068d3688932416f2346dd3b/out/vs/workbench/api/node/extensionHostProcess.js:61:145)
	at v.deliver (/home/lab4bardadymso/.vscode-server/bin/6261075646f055b99068d3688932416f2346dd3b/out/vs/workbench/api/node/extensionHostProcess.js:61:2266)
	at g.fire (/home/lab4bardadymso/.vscode-server/bin/6261075646f055b99068d3688932416f2346dd3b/out/vs/workbench/api/node/extensionHostProcess.js:61:1844)
	at r.fire (/home/lab4bardadymso/.vscode-server/bin/6261075646f055b99068d3688932416f2346dd3b/out/vs/workbench/api/node/extensionHostProcess.js:70:16515)
	at /home/lab4bardadymso/.vscode-server/bin/6261075646f055b99068d3688932416f2346dd3b/out/vs/workbench/api/node/extensionHostProcess.js:118:17104
	at h.invoke (/home/lab4bardadymso/.vscode-server/bin/6261075646f055b99068d3688932416f2346dd3b/out/vs/workbench/api/node/extensionHostProcess.js:61:145)
	at v.deliver (/home/lab4bardadymso/.vscode-server/bin/6261075646f055b99068d3688932416f2346dd3b/out/vs/workbench/api/node/extensionHostProcess.js:61:2266)
	at g.fire (/home/lab4bardadymso/.vscode-server/bin/6261075646f055b99068d3688932416f2346dd3b/out/vs/workbench/api/node/extensionHostProcess.js:61:1844)
	at r.fire (/home/lab4bardadymso/.vscode-server/bin/6261075646f055b99068d3688932416f2346dd3b/out/vs/workbench/api/node/extensionHostProcess.js:70:16515)
	at o._receiveMessage (/home/lab4bardadymso/.vscode-server/bin/6261075646f055b99068d3688932416f2346dd3b/out/vs/workbench/api/node/extensionHostProcess.js:70:21327)
	at /home/lab4bardadymso/.vscode-server/bin/6261075646f055b99068d3688932416f2346dd3b/out/vs/workbench/api/node/extensionHostProcess.js:70:18770
	at h.invoke (/home/lab4bardadymso/.vscode-server/bin/6261075646f055b99068d3688932416f2346dd3b/out/vs/workbench/api/node/extensionHostProcess.js:61:145)
	at v.deliver (/home/lab4bardadymso/.vscode-server/bin/6261075646f055b99068d3688932416f2346dd3b/out/vs/workbench/api/node/extensionHostProcess.js:61:2266)
	at g.fire (/home/lab4bardadymso/.vscode-server/bin/6261075646f055b99068d3688932416f2346dd3b/out/vs/workbench/api/node/extensionHostProcess.js:61:1844)
	at g.acceptChunk (/home/lab4bardadymso/.vscode-server/bin/6261075646f055b99068d3688932416f2346dd3b/out/vs/workbench/api/node/extensionHostProcess.js:70:13346)
	at /home/lab4bardadymso/.vscode-server/bin/6261075646f055b99068d3688932416f2346dd3b/out/vs/workbench/api/node/extensionHostProcess.js:70:12476
	at h.invoke (/home/lab4bardadymso/.vscode-server/bin/6261075646f055b99068d3688932416f2346dd3b/out/vs/workbench/api/node/extensionHostProcess.js:61:145)
	at v.deliver (/home/lab4bardadymso/.vscode-server/bin/6261075646f055b99068d3688932416f2346dd3b/out/vs/workbench/api/node/extensionHostProcess.js:61:2266)
	at g.fire (/home/lab4bardadymso/.vscode-server/bin/6261075646f055b99068d3688932416f2346dd3b/out/vs/workbench/api/node/extensionHostProcess.js:61:1844)
	at g._processReadQueue (/home/lab4bardadymso/.vscode-server/bin/6261075646f055b99068d3688932416f2346dd3b/out/vs/workbench/api/node/extensionHostProcess.js:70:32010)
2022-12-02 21:29:57.928 [error] [vscode.emmet] provider FAILED
2022-12-02 21:29:57.928 [error] TypeError: Cannot read properties of undefined (reading 'start')
	at t.DefaultCompletionItemProvider.provideCompletionItemsInternal (/home/lab4bardadymso/.vscode-server/bin/6261075646f055b99068d3688932416f2346dd3b/extensions/emmet/dist/node/emmetNodeMain.js:1:187346)
	at t.DefaultCompletionItemProvider.provideCompletionItems (/home/lab4bardadymso/.vscode-server/bin/6261075646f055b99068d3688932416f2346dd3b/extensions/emmet/dist/node/emmetNodeMain.js:1:185653)
	at K.provideCompletionItems (/home/lab4bardadymso/.vscode-server/bin/6261075646f055b99068d3688932416f2346dd3b/out/vs/workbench/api/node/extensionHostProcess.js:94:51930)
	at /home/lab4bardadymso/.vscode-server/bin/6261075646f055b99068d3688932416f2346dd3b/out/vs/workbench/api/node/extensionHostProcess.js:94:77224
	at ne._withAdapter (/home/lab4bardadymso/.vscode-server/bin/6261075646f055b99068d3688932416f2346dd3b/out/vs/workbench/api/node/extensionHostProcess.js:94:67325)
	at ne.$provideCompletionItems (/home/lab4bardadymso/.vscode-server/bin/6261075646f055b99068d3688932416f2346dd3b/out/vs/workbench/api/node/extensionHostProcess.js:94:77200)
	at l._doInvokeHandler (/home/lab4bardadymso/.vscode-server/bin/6261075646f055b99068d3688932416f2346dd3b/out/vs/workbench/api/node/extensionHostProcess.js:102:13680)
	at l._invokeHandler (/home/lab4bardadymso/.vscode-server/bin/6261075646f055b99068d3688932416f2346dd3b/out/vs/workbench/api/node/extensionHostProcess.js:102:13362)
	at l._receiveRequest (/home/lab4bardadymso/.vscode-server/bin/6261075646f055b99068d3688932416f2346dd3b/out/vs/workbench/api/node/extensionHostProcess.js:102:12081)
	at l._receiveOneMessage (/home/lab4bardadymso/.vscode-server/bin/6261075646f055b99068d3688932416f2346dd3b/out/vs/workbench/api/node/extensionHostProcess.js:102:10834)
	at /home/lab4bardadymso/.vscode-server/bin/6261075646f055b99068d3688932416f2346dd3b/out/vs/workbench/api/node/extensionHostProcess.js:102:8941
	at h.invoke (/home/lab4bardadymso/.vscode-server/bin/6261075646f055b99068d3688932416f2346dd3b/out/vs/workbench/api/node/extensionHostProcess.js:61:145)
	at v.deliver (/home/lab4bardadymso/.vscode-server/bin/6261075646f055b99068d3688932416f2346dd3b/out/vs/workbench/api/node/extensionHostProcess.js:61:2266)
	at g.fire (/home/lab4bardadymso/.vscode-server/bin/6261075646f055b99068d3688932416f2346dd3b/out/vs/workbench/api/node/extensionHostProcess.js:61:1844)
	at r.fire (/home/lab4bardadymso/.vscode-server/bin/6261075646f055b99068d3688932416f2346dd3b/out/vs/workbench/api/node/extensionHostProcess.js:70:16515)
	at /home/lab4bardadymso/.vscode-server/bin/6261075646f055b99068d3688932416f2346dd3b/out/vs/workbench/api/node/extensionHostProcess.js:118:17104
	at h.invoke (/home/lab4bardadymso/.vscode-server/bin/6261075646f055b99068d3688932416f2346dd3b/out/vs/workbench/api/node/extensionHostProcess.js:61:145)
	at v.deliver (/home/lab4bardadymso/.vscode-server/bin/6261075646f055b99068d3688932416f2346dd3b/out/vs/workbench/api/node/extensionHostProcess.js:61:2266)
	at g.fire (/home/lab4bardadymso/.vscode-server/bin/6261075646f055b99068d3688932416f2346dd3b/out/vs/workbench/api/node/extensionHostProcess.js:61:1844)
	at r.fire (/home/lab4bardadymso/.vscode-server/bin/6261075646f055b99068d3688932416f2346dd3b/out/vs/workbench/api/node/extensionHostProcess.js:70:16515)
	at o._receiveMessage (/home/lab4bardadymso/.vscode-server/bin/6261075646f055b99068d3688932416f2346dd3b/out/vs/workbench/api/node/extensionHostProcess.js:70:21327)
	at /home/lab4bardadymso/.vscode-server/bin/6261075646f055b99068d3688932416f2346dd3b/out/vs/workbench/api/node/extensionHostProcess.js:70:18770
	at h.invoke (/home/lab4bardadymso/.vscode-server/bin/6261075646f055b99068d3688932416f2346dd3b/out/vs/workbench/api/node/extensionHostProcess.js:61:145)
	at v.deliver (/home/lab4bardadymso/.vscode-server/bin/6261075646f055b99068d3688932416f2346dd3b/out/vs/workbench/api/node/extensionHostProcess.js:61:2266)
	at g.fire (/home/lab4bardadymso/.vscode-server/bin/6261075646f055b99068d3688932416f2346dd3b/out/vs/workbench/api/node/extensionHostProcess.js:61:1844)
	at g.acceptChunk (/home/lab4bardadymso/.vscode-server/bin/6261075646f055b99068d3688932416f2346dd3b/out/vs/workbench/api/node/extensionHostProcess.js:70:13346)
	at /home/lab4bardadymso/.vscode-server/bin/6261075646f055b99068d3688932416f2346dd3b/out/vs/workbench/api/node/extensionHostProcess.js:70:12476
	at h.invoke (/home/lab4bardadymso/.vscode-server/bin/6261075646f055b99068d3688932416f2346dd3b/out/vs/workbench/api/node/extensionHostProcess.js:61:145)
	at v.deliver (/home/lab4bardadymso/.vscode-server/bin/6261075646f055b99068d3688932416f2346dd3b/out/vs/workbench/api/node/extensionHostProcess.js:61:2266)
	at g.fire (/home/lab4bardadymso/.vscode-server/bin/6261075646f055b99068d3688932416f2346dd3b/out/vs/workbench/api/node/extensionHostProcess.js:61:1844)
	at g._processReadQueue (/home/lab4bardadymso/.vscode-server/bin/6261075646f055b99068d3688932416f2346dd3b/out/vs/workbench/api/node/extensionHostProcess.js:70:32010)
2022-12-02 23:28:00.736 [info] ExtensionService#_doActivateExtension ms-azuretools.vscode-docker, startup: false, activationEvent: 'onLanguage:dockerfile'
2022-12-03 01:25:03.253 [error] Error: read ECONNRESET
	at TLSWrap.onStreamRead (node:internal/stream_base_commons:217:20)
